[debug] [2024-08-26T11:47:52.052Z] ----------------------------------------------------------------------
[debug] [2024-08-26T11:47:52.055Z] Command:       C:\Program Files\nodejs\node.exe C:\Users\Sujan\AppData\Roaming\npm\node_modules\firebase-tools\lib\bin\firebase.js emulators:start
[debug] [2024-08-26T11:47:52.055Z] CLI Version:   13.15.4
[debug] [2024-08-26T11:47:52.055Z] Platform:      win32
[debug] [2024-08-26T11:47:52.056Z] Node Version:  v20.16.0
[debug] [2024-08-26T11:47:52.056Z] Time:          Mon Aug 26 2024 17:32:52 GMT+0545 (Nepal Time)
[debug] [2024-08-26T11:47:52.056Z] ----------------------------------------------------------------------
[debug] 
[debug] [2024-08-26T11:47:52.165Z] > command requires scopes: ["email","openid","https://www.googleapis.com/auth/cloudplatformprojects.readonly","https://www.googleapis.com/auth/firebase","https://www.googleapis.com/auth/cloud-platform"]
[debug] [2024-08-26T11:47:52.165Z] > authorizing via signed-in user (sujanchaudhary415@gmail.com)
[info] i  emulators: Starting emulators: functions {"metadata":{"emulator":{"name":"hub"},"message":"Starting emulators: functions"}}
[debug] [2024-08-26T11:47:52.187Z] [logging] Logging Emulator only supports listening on one address (127.0.0.1). Not listening on ::1
[debug] [2024-08-26T11:47:52.187Z] assigned listening specs for emulators {"user":{"hub":[{"address":"127.0.0.1","family":"IPv4","port":4400},{"address":"::1","family":"IPv6","port":4400}],"ui":[{"address":"127.0.0.1","family":"IPv4","port":4000},{"address":"::1","family":"IPv6","port":4000}],"logging":[{"address":"127.0.0.1","family":"IPv4","port":4500}]},"metadata":{"message":"assigned listening specs for emulators"}}
[warn] !  emulators: It seems that you are running multiple instances of the emulator suite for project clone-e4efa. This may result in unexpected behavior. 
[debug] [2024-08-26T11:47:52.194Z] [hub] writing locator at C:\Users\Sujan\AppData\Local\Temp\hub-clone-e4efa.json
[debug] [2024-08-26T11:47:52.211Z] [functions] Functions Emulator only supports listening on one address (127.0.0.1). Not listening on ::1
[debug] [2024-08-26T11:47:52.211Z] [eventarc] Eventarc Emulator only supports listening on one address (127.0.0.1). Not listening on ::1
[debug] [2024-08-26T11:47:52.211Z] late-assigned ports for functions and eventarc emulators {"user":{"hub":[{"address":"127.0.0.1","family":"IPv4","port":4400},{"address":"::1","family":"IPv6","port":4400}],"ui":[{"address":"127.0.0.1","family":"IPv4","port":4000},{"address":"::1","family":"IPv6","port":4000}],"logging":[{"address":"127.0.0.1","family":"IPv4","port":4500}],"functions":[{"address":"127.0.0.1","family":"IPv4","port":5001}],"eventarc":[{"address":"127.0.0.1","family":"IPv4","port":9299}]},"metadata":{"message":"late-assigned ports for functions and eventarc emulators"}}
[warn] !  functions: The following emulators are not running, calls to these services from the Functions emulator will affect production: auth, firestore, database, hosting, pubsub, storage, dataconnect {"metadata":{"emulator":{"name":"functions"},"message":"The following emulators are not running, calls to these services from the Functions emulator will affect production: \u001b[1mauth, firestore, database, hosting, pubsub, storage, dataconnect\u001b[22m"}}
[debug] [2024-08-26T11:47:52.214Z] defaultcredentials: writing to file C:\Users\Sujan\AppData\Roaming\firebase\sujanchaudhary415_gmail_com_application_default_credentials.json
[debug] [2024-08-26T11:47:52.219Z] Setting GAC to C:\Users\Sujan\AppData\Roaming\firebase\sujanchaudhary415_gmail_com_application_default_credentials.json {"metadata":{"emulator":{"name":"functions"},"message":"Setting GAC to C:\\Users\\Sujan\\AppData\\Roaming\\firebase\\sujanchaudhary415_gmail_com_application_default_credentials.json"}}
[debug] [2024-08-26T11:47:52.220Z] > refreshing access token with scopes: []
[debug] [2024-08-26T11:47:52.222Z] >>> [apiv2][query] POST https://www.googleapis.com/oauth2/v3/token [none]
[debug] [2024-08-26T11:47:52.222Z] >>> [apiv2][body] POST https://www.googleapis.com/oauth2/v3/token [omitted]
[debug] [2024-08-26T11:47:52.547Z] <<< [apiv2][status] POST https://www.googleapis.com/oauth2/v3/token 200
[debug] [2024-08-26T11:47:52.547Z] <<< [apiv2][body] POST https://www.googleapis.com/oauth2/v3/token [omitted]
[debug] [2024-08-26T11:47:52.561Z] >>> [apiv2][query] GET https://firebase.googleapis.com/v1beta1/projects/clone-e4efa/adminSdkConfig [none]
[debug] [2024-08-26T11:47:53.373Z] <<< [apiv2][status] GET https://firebase.googleapis.com/v1beta1/projects/clone-e4efa/adminSdkConfig 200
[debug] [2024-08-26T11:47:53.373Z] <<< [apiv2][body] GET https://firebase.googleapis.com/v1beta1/projects/clone-e4efa/adminSdkConfig {"projectId":"clone-e4efa","storageBucket":"clone-e4efa.appspot.com"}
[debug] [2024-08-26T11:47:53.387Z] Ignoring unsupported arg: auto_download {"metadata":{"emulator":{"name":"ui"},"message":"Ignoring unsupported arg: auto_download"}}
[debug] [2024-08-26T11:47:53.388Z] Ignoring unsupported arg: port {"metadata":{"emulator":{"name":"ui"},"message":"Ignoring unsupported arg: port"}}
[debug] [2024-08-26T11:47:53.388Z] Starting Emulator UI with command {"binary":"node","args":["C:\\Users\\Sujan\\.cache\\firebase\\emulators\\ui-v1.13.0\\server\\server.mjs"],"optionalArgs":[],"joinArgs":false,"shell":false} {"metadata":{"emulator":{"name":"ui"},"message":"Starting Emulator UI with command {\"binary\":\"node\",\"args\":[\"C:\\\\Users\\\\Sujan\\\\.cache\\\\firebase\\\\emulators\\\\ui-v1.13.0\\\\server\\\\server.mjs\"],\"optionalArgs\":[],\"joinArgs\":false,\"shell\":false}"}}
[info] i  ui: Emulator UI logging to ui-debug.log {"metadata":{"emulator":{"name":"ui"},"message":"Emulator UI logging to \u001b[1mui-debug.log\u001b[22m"}}
[debug] [2024-08-26T11:47:53.538Z] Web / API server started at 127.0.0.1:4000
 {"metadata":{"emulator":{"name":"ui"},"message":"Web / API server started at 127.0.0.1:4000\n"}}
[debug] [2024-08-26T11:47:53.538Z] Web / API server started at ::1:4000
 {"metadata":{"emulator":{"name":"ui"},"message":"Web / API server started at ::1:4000\n"}}
[info] i  functions: Watching "C:\Users\Sujan\amazon_clone\functions" for Cloud Functions... {"metadata":{"emulator":{"name":"functions"},"message":"Watching \"C:\\Users\\Sujan\\amazon_clone\\functions\" for Cloud Functions..."}}
[debug] [2024-08-26T11:47:53.625Z] Validating nodejs source
[debug] [2024-08-26T11:47:54.727Z] > [functions] package.json contents: {
  "name": "functions",
  "description": "Cloud Functions for Firebase",
  "scripts": {
    "lint": "eslint .",
    "serve": "firebase emulators:start --only functions",
    "shell": "firebase functions:shell",
    "start": "npm run shell",
    "deploy": "firebase deploy --only functions",
    "logs": "firebase functions:log"
  },
  "engines": {
    "node": "18"
  },
  "main": "index.js",
  "dependencies": {
    "cors": "^2.8.5",
    "express": "^4.19.2",
    "firebase-admin": "^12.1.0",
    "firebase-functions": "^5.1.0",
    "stripe": "^16.8.0"
  },
  "devDependencies": {
    "@babel/plugin-proposal-private-property-in-object": "^7.21.11",
    "eslint": "^8.15.0",
    "eslint-config-google": "^0.14.0",
    "firebase-functions-test": "^3.1.0"
  },
  "private": true
}
[debug] [2024-08-26T11:47:54.727Z] Building nodejs source
[debug] [2024-08-26T11:47:54.727Z] Failed to find version of module node: reached end of search path C:\Users\Sujan\amazon_clone\functions\node_modules
[warn] !  functions: Your requested "node" version "18" doesn't match your global version "20". Using node@20 from host. 
[debug] [2024-08-26T11:47:54.730Z] Could not find functions.yaml. Must use http discovery
[debug] [2024-08-26T11:47:54.736Z] Found firebase-functions binary at 'C:\Users\Sujan\amazon_clone\functions\node_modules\.bin\firebase-functions'
[info] Serving at port 8399

[debug] [2024-08-26T11:47:55.425Z] Got response from /__/functions.yaml {"endpoints":{"api":{"availableMemoryMb":null,"timeoutSeconds":null,"minInstances":null,"maxInstances":null,"ingressSettings":null,"concurrency":null,"serviceAccountEmail":null,"vpc":null,"platform":"gcfv2","labels":{},"httpsTrigger":{},"entryPoint":"api"}},"specVersion":"v1alpha1","requiredAPIs":[],"extensions":{}}
[info] +  functions: Loaded functions definitions from source: api. {"metadata":{"emulator":{"name":"functions"},"message":"Loaded functions definitions from source: api."}}
[info] +  functions[us-central1-api]: http function initialized (http://127.0.0.1:5001/clone-e4efa/us-central1/api). {"metadata":{"emulator":{"name":"functions"},"message":"\u001b[1mhttp\u001b[22m function initialized (http://127.0.0.1:5001/clone-e4efa/us-central1/api)."}}
[info] 
┌─────────────────────────────────────────────────────────────┐
│ ✔  All emulators ready! It is now safe to connect your app. │
│ i  View Emulator UI at http://127.0.0.1:4000/               │
└─────────────────────────────────────────────────────────────┘

┌───────────┬────────────────┬─────────────────────────────────┐
│ Emulator  │ Host:Port      │ View in Emulator UI             │
├───────────┼────────────────┼─────────────────────────────────┤
│ Functions │ 127.0.0.1:5001 │ http://127.0.0.1:4000/functions │
└───────────┴────────────────┴─────────────────────────────────┘
  Emulator Hub running at 127.0.0.1:4400
  Other reserved ports: 4500

Issues? Report them at https://github.com/firebase/firebase-tools/issues and attach the *-debug.log files.
 
[debug] [2024-08-26T13:54:04.373Z] ----------------------------------------------------------------------
[debug] [2024-08-26T13:54:04.376Z] Command:       C:\Program Files\nodejs\node.exe C:\Users\Sujan\AppData\Roaming\npm\node_modules\firebase-tools\lib\bin\firebase.js emulators:start
[debug] [2024-08-26T13:54:04.377Z] CLI Version:   13.15.4
[debug] [2024-08-26T13:54:04.377Z] Platform:      win32
[debug] [2024-08-26T13:54:04.377Z] Node Version:  v20.16.0
[debug] [2024-08-26T13:54:04.377Z] Time:          Mon Aug 26 2024 19:39:04 GMT+0545 (Nepal Time)
[debug] [2024-08-26T13:54:04.377Z] ----------------------------------------------------------------------
[debug] 
[debug] [2024-08-26T13:54:04.381Z] >>> [apiv2][query] GET https://firebase-public.firebaseio.com/cli.json [none]
[debug] [2024-08-26T13:54:04.511Z] > command requires scopes: ["email","openid","https://www.googleapis.com/auth/cloudplatformprojects.readonly","https://www.googleapis.com/auth/firebase","https://www.googleapis.com/auth/cloud-platform"]
[debug] [2024-08-26T13:54:04.512Z] > authorizing via signed-in user (sujanchaudhary415@gmail.com)
[info] i  emulators: Starting emulators: functions {"metadata":{"emulator":{"name":"hub"},"message":"Starting emulators: functions"}}
[debug] [2024-08-26T13:54:04.523Z] [logging] Logging Emulator only supports listening on one address (127.0.0.1). Not listening on ::1
[debug] [2024-08-26T13:54:04.523Z] assigned listening specs for emulators {"user":{"hub":[{"address":"127.0.0.1","family":"IPv4","port":4400},{"address":"::1","family":"IPv6","port":4400}],"ui":[{"address":"127.0.0.1","family":"IPv4","port":4000},{"address":"::1","family":"IPv6","port":4000}],"logging":[{"address":"127.0.0.1","family":"IPv4","port":4500}]},"metadata":{"message":"assigned listening specs for emulators"}}
[warn] !  emulators: It seems that you are running multiple instances of the emulator suite for project clone-e4efa. This may result in unexpected behavior. 
[debug] [2024-08-26T13:54:04.530Z] [hub] writing locator at C:\Users\Sujan\AppData\Local\Temp\hub-clone-e4efa.json
[debug] [2024-08-26T13:54:04.554Z] [functions] Functions Emulator only supports listening on one address (127.0.0.1). Not listening on ::1
[debug] [2024-08-26T13:54:04.554Z] [eventarc] Eventarc Emulator only supports listening on one address (127.0.0.1). Not listening on ::1
[debug] [2024-08-26T13:54:04.554Z] late-assigned ports for functions and eventarc emulators {"user":{"hub":[{"address":"127.0.0.1","family":"IPv4","port":4400},{"address":"::1","family":"IPv6","port":4400}],"ui":[{"address":"127.0.0.1","family":"IPv4","port":4000},{"address":"::1","family":"IPv6","port":4000}],"logging":[{"address":"127.0.0.1","family":"IPv4","port":4500}],"functions":[{"address":"127.0.0.1","family":"IPv4","port":5001}],"eventarc":[{"address":"127.0.0.1","family":"IPv4","port":9299}]},"metadata":{"message":"late-assigned ports for functions and eventarc emulators"}}
[warn] !  functions: The following emulators are not running, calls to these services from the Functions emulator will affect production: auth, firestore, database, hosting, pubsub, storage, dataconnect {"metadata":{"emulator":{"name":"functions"},"message":"The following emulators are not running, calls to these services from the Functions emulator will affect production: \u001b[1mauth, firestore, database, hosting, pubsub, storage, dataconnect\u001b[22m"}}
[debug] [2024-08-26T13:54:04.560Z] defaultcredentials: writing to file C:\Users\Sujan\AppData\Roaming\firebase\sujanchaudhary415_gmail_com_application_default_credentials.json
[debug] [2024-08-26T13:54:04.563Z] Setting GAC to C:\Users\Sujan\AppData\Roaming\firebase\sujanchaudhary415_gmail_com_application_default_credentials.json {"metadata":{"emulator":{"name":"functions"},"message":"Setting GAC to C:\\Users\\Sujan\\AppData\\Roaming\\firebase\\sujanchaudhary415_gmail_com_application_default_credentials.json"}}
[debug] [2024-08-26T13:54:04.563Z] > refreshing access token with scopes: []
[debug] [2024-08-26T13:54:04.564Z] >>> [apiv2][query] POST https://www.googleapis.com/oauth2/v3/token [none]
[debug] [2024-08-26T13:54:04.564Z] >>> [apiv2][body] POST https://www.googleapis.com/oauth2/v3/token [omitted]
[debug] [2024-08-26T13:54:04.966Z] <<< [apiv2][status] POST https://www.googleapis.com/oauth2/v3/token 200
[debug] [2024-08-26T13:54:04.966Z] <<< [apiv2][body] POST https://www.googleapis.com/oauth2/v3/token [omitted]
[debug] [2024-08-26T13:54:04.975Z] >>> [apiv2][query] GET https://firebase.googleapis.com/v1beta1/projects/clone-e4efa/adminSdkConfig [none]
[debug] [2024-08-26T13:54:05.213Z] <<< [apiv2][status] GET https://firebase-public.firebaseio.com/cli.json 200
[debug] [2024-08-26T13:54:05.214Z] <<< [apiv2][body] GET https://firebase-public.firebaseio.com/cli.json {"cloudBuildErrorAfter":1594252800000,"cloudBuildWarnAfter":1590019200000,"defaultNode10After":1594252800000,"minVersion":"3.0.5","node8DeploysDisabledAfter":1613390400000,"node8RuntimeDisabledAfter":1615809600000,"node8WarnAfter":1600128000000}
[debug] [2024-08-26T13:54:05.558Z] <<< [apiv2][status] GET https://firebase.googleapis.com/v1beta1/projects/clone-e4efa/adminSdkConfig 200
[debug] [2024-08-26T13:54:05.558Z] <<< [apiv2][body] GET https://firebase.googleapis.com/v1beta1/projects/clone-e4efa/adminSdkConfig {"projectId":"clone-e4efa","storageBucket":"clone-e4efa.appspot.com"}
[debug] [2024-08-26T13:54:05.574Z] Ignoring unsupported arg: auto_download {"metadata":{"emulator":{"name":"ui"},"message":"Ignoring unsupported arg: auto_download"}}
[debug] [2024-08-26T13:54:05.574Z] Ignoring unsupported arg: port {"metadata":{"emulator":{"name":"ui"},"message":"Ignoring unsupported arg: port"}}
[debug] [2024-08-26T13:54:05.574Z] Starting Emulator UI with command {"binary":"node","args":["C:\\Users\\Sujan\\.cache\\firebase\\emulators\\ui-v1.13.0\\server\\server.mjs"],"optionalArgs":[],"joinArgs":false,"shell":false} {"metadata":{"emulator":{"name":"ui"},"message":"Starting Emulator UI with command {\"binary\":\"node\",\"args\":[\"C:\\\\Users\\\\Sujan\\\\.cache\\\\firebase\\\\emulators\\\\ui-v1.13.0\\\\server\\\\server.mjs\"],\"optionalArgs\":[],\"joinArgs\":false,\"shell\":false}"}}
[info] i  ui: Emulator UI logging to ui-debug.log {"metadata":{"emulator":{"name":"ui"},"message":"Emulator UI logging to \u001b[1mui-debug.log\u001b[22m"}}
[debug] [2024-08-26T13:54:05.725Z] Web / API server started at 127.0.0.1:4000
 {"metadata":{"emulator":{"name":"ui"},"message":"Web / API server started at 127.0.0.1:4000\n"}}
[debug] [2024-08-26T13:54:05.725Z] Web / API server started at ::1:4000
 {"metadata":{"emulator":{"name":"ui"},"message":"Web / API server started at ::1:4000\n"}}
[info] i  functions: Watching "C:\Users\Sujan\amazon_clone\functions" for Cloud Functions... {"metadata":{"emulator":{"name":"functions"},"message":"Watching \"C:\\Users\\Sujan\\amazon_clone\\functions\" for Cloud Functions..."}}
[debug] [2024-08-26T13:54:05.802Z] Validating nodejs source
[debug] [2024-08-26T13:54:07.034Z] > [functions] package.json contents: {
  "name": "functions",
  "description": "Cloud Functions for Firebase",
  "scripts": {
    "lint": "eslint .",
    "serve": "firebase emulators:start --only functions",
    "shell": "firebase functions:shell",
    "start": "npm run shell",
    "deploy": "firebase deploy --only functions",
    "logs": "firebase functions:log"
  },
  "engines": {
    "node": "18"
  },
  "main": "index.js",
  "dependencies": {
    "cors": "^2.8.5",
    "express": "^4.19.2",
    "firebase-admin": "^12.1.0",
    "firebase-functions": "^5.1.0",
    "stripe": "^16.8.0"
  },
  "devDependencies": {
    "@babel/plugin-proposal-private-property-in-object": "^7.21.11",
    "eslint": "^8.15.0",
    "eslint-config-google": "^0.14.0",
    "firebase-functions-test": "^3.1.0"
  },
  "private": true
}
[debug] [2024-08-26T13:54:07.035Z] Building nodejs source
[debug] [2024-08-26T13:54:07.035Z] Failed to find version of module node: reached end of search path C:\Users\Sujan\amazon_clone\functions\node_modules
[warn] !  functions: Your requested "node" version "18" doesn't match your global version "20". Using node@20 from host. 
[debug] [2024-08-26T13:54:07.038Z] Could not find functions.yaml. Must use http discovery
[debug] [2024-08-26T13:54:07.045Z] Found firebase-functions binary at 'C:\Users\Sujan\amazon_clone\functions\node_modules\.bin\firebase-functions'
